<?xml version="1.0" encoding="utf-8"?><testsuites name="pytest tests"><testsuite name="pytest" errors="0" failures="0" skipped="0" tests="7" time="0.759" timestamp="2026-05-11T12:01:24.463259+00:00" hostname="agent-env-1d66ee25-eec6-4c97-9364-e7222f5a933c"><testcase classname="backend.tests.test_coremore_api" name="test_root_welcome" time="0.266" /><testcase classname="backend.tests.test_coremore_api" name="test_create_contact_success" time="0.071" /><testcase classname="backend.tests.test_coremore_api" name="test_contact_invalid_email" time="0.048" /><testcase classname="backend.tests.test_coremore_api" name="test_contact_missing_required" time="0.047" /><testcase classname="backend.tests.test_coremore_api" name="test_contact_message_too_short" time="0.044" /><testcase classname="backend.tests.test_coremore_api" name="test_list_contacts_no_objectid_leak" time="0.051" /><testcase classname="backend.tests.test_coremore_api" name="test_status_post_and_get" time="0.106" /></testsuite></testsuites>